0 info it worked if it ends with ok
1 verbose cli [ '/usr/bin/node', '/usr/bin/npm', 'run', 'dev' ]
2 info using npm@3.5.2
3 info using node@v8.10.0
4 verbose run-script [ 'predev', 'dev', 'postdev' ]
5 info lifecycle big-web-quiz@1.0.0~predev: big-web-quiz@1.0.0
6 silly lifecycle big-web-quiz@1.0.0~predev: no script for predev, continuing
7 info lifecycle big-web-quiz@1.0.0~dev: big-web-quiz@1.0.0
8 verbose lifecycle big-web-quiz@1.0.0~dev: unsafe-perm in lifecycle true
9 verbose lifecycle big-web-quiz@1.0.0~dev: PATH: /usr/share/npm/bin/node-gyp-bin:/var/www/site/node_modules/.bin:/usr/local/sbin:/usr/local/bin:/usr/sbin:/usr/bin:/sbin:/bin
10 verbose lifecycle big-web-quiz@1.0.0~dev: CWD: /var/www/site
11 silly lifecycle big-web-quiz@1.0.0~dev: Args: [ '-c',
11 silly lifecycle   'docker run -it -v $(pwd):/var/www/site -p 1414:3000 ya-quiz' ]
12 info lifecycle big-web-quiz@1.0.0~dev: Failed to exec dev script
13 verbose stack Error: big-web-quiz@1.0.0 dev: `docker run -it -v $(pwd):/var/www/site -p 1414:3000 ya-quiz`
13 verbose stack spawn ENOENT
13 verbose stack     at ChildProcess.<anonymous> (/usr/share/npm/lib/utils/spawn.js:17:16)
13 verbose stack     at emitTwo (events.js:126:13)
13 verbose stack     at ChildProcess.emit (events.js:214:7)
13 verbose stack     at maybeClose (internal/child_process.js:925:16)
13 verbose stack     at Process.ChildProcess._handle.onexit (internal/child_process.js:209:5)
14 verbose pkgid big-web-quiz@1.0.0
15 verbose cwd /var/www/site
16 error Linux 4.9.125-linuxkit
17 error argv "/usr/bin/node" "/usr/bin/npm" "run" "dev"
18 error node v8.10.0
19 error npm  v3.5.2
20 error file sh
21 error code ELIFECYCLE
22 error errno ENOENT
23 error syscall spawn
24 error big-web-quiz@1.0.0 dev: `docker run -it -v $(pwd):/var/www/site -p 1414:3000 ya-quiz`
24 error spawn ENOENT
25 error Failed at the big-web-quiz@1.0.0 dev script 'docker run -it -v $(pwd):/var/www/site -p 1414:3000 ya-quiz'.
25 error Make sure you have the latest version of node.js and npm installed.
25 error If you do, this is most likely a problem with the big-web-quiz package,
25 error not with npm itself.
25 error Tell the author that this fails on your system:
25 error     docker run -it -v $(pwd):/var/www/site -p 1414:3000 ya-quiz
25 error You can get information on how to open an issue for this project with:
25 error     npm bugs big-web-quiz
25 error Or if that isn't available, you can get their info via:
25 error     npm owner ls big-web-quiz
25 error There is likely additional logging output above.
26 verbose exit [ 1, true ]
